<?xml version="1.0" encoding="utf-8"?><testsuites><testsuite name="pytest" errors="0" failures="0" skipped="0" tests="3" time="0.425" timestamp="2022-10-11T18:37:35.536432" hostname="cassiano-VirtualBox"><testcase classname="tests.test_load" name="test_load_positive_has_2_people" time="0.007" /><testcase classname="tests.test_load" name="test_load_positive_first_name_starts_with_j" time="0.003" /><testcase classname="integration.test_load" name="test_load" time="0.329" /></testsuite></testsuites>